-------------------------------------------------------------------------------
Test set: FilmeDAO_Tests
-------------------------------------------------------------------------------
Tests run: 1, Failures: 1, Errors: 0, Skipped: 0, Time elapsed: 0.068 s <<< FAILURE! - in FilmeDAO_Tests
atualiza_filme_corretamente  Time elapsed: 0.058 s  <<< FAILURE!
org.opentest4j.AssertionFailedError: expected: <true> but was: <false>
	at FilmeDAO_Tests.atualiza_filme_corretamente(FilmeDAO_Tests.java:154)

