<?xml version="1.0" encoding="UTF-8"?>
<testsuite xmlns:xsi="http://www.w3.org/2001/XMLSchema-instance" xsi:noNamespaceSchemaLocation="https://maven.apache.org/surefire/maven-surefire-plugin/xsd/surefire-test-report.xsd" name="Pessoa_Tests" time="0.117" tests="10" errors="0" skipped="0" failures="0">
  <properties>
[...]
</properties>
  <testcase name="checa_email_valido_test" classname="Pessoa_Tests" time="0.054"/>
  <testcase name="dataNasc_coloca_mascara_test" classname="Pessoa_Tests" time="0.004"/>
  <testcase name="telefone_coloca_mascara_test" classname="Pessoa_Tests" time="0.002"/>
  <testcase name="nome_valido_test" classname="Pessoa_Tests" time="0.003"/>
  <testcase name="dataNasc_corrige_ano_reduzido_test" classname="Pessoa_Tests" time="0.026"/>
  <testcase name="cpf_aceita_mascara_test" classname="Pessoa_Tests" time="0.002"/>
  <testcase name="nome_nao_aceita_caracteres_especiais_test" classname="Pessoa_Tests" time="0.002"/>
  <testcase name="dataNasc_aceita_mascara_test" classname="Pessoa_Tests" time="0.002"/>
  <testcase name="cpf_coloca_mascara_test" classname="Pessoa_Tests" time="0.003"/>
  <testcase name="telefone_aceita_mascara_test" classname="Pessoa_Tests" time="0.001"/>
</testsuite>