<?xml version="1.0" encoding="UTF-8"?>
<testsuite xmlns:xsi="http://www.w3.org/2001/XMLSchema-instance" xsi:noNamespaceSchemaLocation="https://maven.apache.org/surefire/maven-surefire-plugin/xsd/surefire-test-report.xsd" name="DAOMocks.PessoaDAOMock" time="0.109" tests="1" errors="1" skipped="0" failures="0">
  <properties>
[...]
</properties>
  <testcase name="adicionaPessoaTest" classname="DAOMocks.PessoaDAOMock" time="0.013">
    <error type="java.lang.ExceptionInInitializerError"><![CDATA[java.lang.ExceptionInInitializerError
	at DAOMocks.PessoaDAOMock.<init>(PessoaDAOMock.java:21)
Caused by: java.lang.reflect.InaccessibleObjectException: Unable to make protected final java.lang.Class java.lang.ClassLoader.defineClass(java.lang.String,byte[],int,int,java.security.ProtectionDomain) throws java.lang.ClassFormatError accessible: module java.base does not "opens java.lang" to unnamed module @42e26948
	at DAOMocks.PessoaDAOMock.<init>(PessoaDAOMock.java:21)
]]></error>
  </testcase>
</testsuite>